<?xml version="1.0" encoding="UTF-8"?>
<testsuite xmlns:xsi="http://www.w3.org/2001/XMLSchema-instance" xsi:noNamespaceSchemaLocation="https://maven.apache.org/surefire/maven-surefire-plugin/xsd/surefire-test-report-3.0.xsd" version="3.0" name="org.mikudd3.test.TestBrand" time="1.636" tests="8" errors="0" skipped="0" failures="0">
  <properties>
[...]
</properties>
  <testcase name="testSelectByCondition" classname="org.mikudd3.test.TestBrand" time="0.899">
    <system-out><![CDATA[Brand{id=2, brandName='华为', companyName='华为技术有限公司', ordered=100, description='华为致力于把数字世界带入每个人、每个家庭、每个组织，构建万物互联的智能世界', status=1}
]]></system-out>
  </testcase>
  <testcase name="testDeleteByIds" classname="org.mikudd3.test.TestBrand" time="0.107"/>
  <testcase name="testAdd" classname="org.mikudd3.test.TestBrand" time="0.113">
    <system-out><![CDATA[15
]]></system-out>
  </testcase>
  <testcase name="testSelectAll" classname="org.mikudd3.test.TestBrand" time="0.101">
    <system-out><![CDATA[Brand{id=1, brandName='三只松鼠', companyName='三只松鼠股份有限公司', ordered=5, description='好吃不上火', status=0}
Brand{id=2, brandName='华为', companyName='华为技术有限公司', ordered=100, description='华为致力于把数字世界带入每个人、每个家庭、每个组织，构建万物互联的智能世界', status=1}
Brand{id=3, brandName='小米', companyName='小米科技有限公司', ordered=50, description='are you ok', status=1}
Brand{id=4, brandName='红米K40', companyName='小米', ordered=100, description='年轻人的第一台冤种机', status=1}
Brand{id=5, brandName='红米K40', companyName='小米', ordered=200, description='红米K40,年轻人的第一台冤种机', status=0}
Brand{id=11, brandName='红米K40', companyName='小米', ordered=100, description='年轻人的第一台冤种机', status=1}
Brand{id=12, brandName='红米K40', companyName='小米', ordered=100, description='年轻人的第一台冤种机', status=1}
Brand{id=13, brandName='红米K40', companyName='小米', ordered=100, description='年轻人的第一台冤种机', status=1}
Brand{id=14, brandName='红米K40', companyName='小米', ordered=100, description='年轻人的第一台冤种机', status=1}
Brand{id=15, brandName='红米K40', companyName='小米', ordered=100, description='年轻人的第一台冤种机', status=1}
]]></system-out>
  </testcase>
  <testcase name="testSelectOneByCondition" classname="org.mikudd3.test.TestBrand" time="0.095">
    <system-out><![CDATA[Brand{id=2, brandName='华为', companyName='华为技术有限公司', ordered=100, description='华为致力于把数字世界带入每个人、每个家庭、每个组织，构建万物互联的智能世界', status=1}
]]></system-out>
  </testcase>
  <testcase name="testDeleteById" classname="org.mikudd3.test.TestBrand" time="0.097"/>
  <testcase name="testUpdate" classname="org.mikudd3.test.TestBrand" time="0.072"/>
  <testcase name="testSelectById" classname="org.mikudd3.test.TestBrand" time="0.059">
    <system-out><![CDATA[Brand{id=1, brandName='三只松鼠', companyName='三只松鼠股份有限公司', ordered=5, description='好吃不上火', status=0}
]]></system-out>
  </testcase>
</testsuite>